2026.03.31 14:31:04 INFO  Started: Metals version 1.6.6 in folders 'C:\Users\migue\Documents\DamasDoChines' for client Visual Studio Code 1.113.0.
2026.03.31 14:31:04 INFO  Memory monitor started
2026.03.31 14:31:13 WARN  Using H2 2.4.240 which is newer than the version Flyway has been verified with. The latest verified version of H2 is 2.3.232.
2026.03.31 14:31:17 INFO  no build target found for C:\Users\migue\Documents\DamasDoChines\DamasDoChines\src\Main.scala. Using presentation compiler with project's scala-library version: 3.3.7
2026.03.31 14:40:30 INFO  Started: Metals version 1.6.6 in folders 'C:\Users\migue\Documents\DamasDoChines' for client Visual Studio Code 1.113.0.
2026.03.31 14:40:30 INFO  Memory monitor started
2026.03.31 14:40:36 WARN  Using H2 2.4.240 which is newer than the version Flyway has been verified with. The latest verified version of H2 is 2.3.232.
2026.03.31 14:40:37 INFO  no build target found for C:\Users\migue\Documents\DamasDoChines\DamasDoChines\src\Main.scala. Using presentation compiler with project's scala-library version: 3.3.7
mar. 31, 2026 2:41:17 DA TARDE org.eclipse.lsp4j.jsonrpc.services.GenericEndpoint notify
INFO: Unsupported notification method: $/setTrace
2026.03.31 14:46:13 INFO  Shutting down server
2026.03.31 14:46:13 INFO  Memory monitor stopped
2026.03.31 14:46:13 INFO  shutting down Metals
2026.03.31 14:46:13 INFO  Exiting server
2026.03.31 14:46:13 ERROR Unexpected error initializing server: 
org.eclipse.lsp4j.jsonrpc.ResponseErrorException: Request window/showMessageRequest failed with message: Canceled
	at org.eclipse.lsp4j.jsonrpc.RemoteEndpoint.handleResponse(RemoteEndpoint.java:214)
	at org.eclipse.lsp4j.jsonrpc.RemoteEndpoint.consume(RemoteEndpoint.java:198)
	at org.eclipse.lsp4j.jsonrpc.json.StreamMessageProducer.handleMessage(StreamMessageProducer.java:189)
	at org.eclipse.lsp4j.jsonrpc.json.StreamMessageProducer.listen(StreamMessageProducer.java:97)
	at org.eclipse.lsp4j.jsonrpc.json.ConcurrentMessageProcessor.run(ConcurrentMessageProcessor.java:97)
	at java.util.concurrent.Executors$RunnableAdapter.call(Executors.java:572)
	at java.util.concurrent.FutureTask.run(FutureTask.java:317)
	at java.util.concurrent.ThreadPoolExecutor.runWorker(ThreadPoolExecutor.java:1144)
	at java.util.concurrent.ThreadPoolExecutor$Worker.run(ThreadPoolExecutor.java:642)
	at java.lang.Thread.run(Thread.java:1575)

2026.04.05 18:33:39 INFO  Started: Metals version 1.6.6 in folders 'C:\Users\migue\Documents\DamasDoChines' for client Visual Studio Code 1.113.0.
2026.04.05 18:33:39 INFO  Memory monitor started
2026.04.05 18:33:40 WARN  Using H2 2.4.240 which is newer than the version Flyway has been verified with. The latest verified version of H2 is 2.3.232.
2026.04.05 18:33:41 INFO  no build target found for C:\Users\migue\Documents\DamasDoChines\DamasDoChines\src\Main.scala. Using presentation compiler with project's scala-library version: 3.3.7
abr. 05, 2026 6:33:42 DA TARDE org.eclipse.lsp4j.jsonrpc.services.GenericEndpoint notify
INFO: Unsupported notification method: $/setTrace
2026.04.05 18:33:47 INFO  no build target found for C:\Users\migue\Documents\DamasDoChines\DamasDoChines\src\Main.scala. Using presentation compiler with project's scala-library version: 3.3.7
2026.04.05 18:34:01 INFO  no build target found for C:\Users\migue\Documents\DamasDoChines\DamasDoChines\src\Main.scala. Using presentation compiler with project's scala-library version: 3.3.7
2026.04.05 18:34:01 INFO  no build target found for C:\Users\migue\Documents\DamasDoChines\DamasDoChines\src\Main.scala. Using presentation compiler with project's scala-library version: 3.3.7
2026.04.05 18:34:03 INFO  no build target found for C:\Users\migue\Documents\DamasDoChines\DamasDoChines\src\Main.scala. Using presentation compiler with project's scala-library version: 3.3.7
2026.04.05 18:34:06 INFO  no build target found for C:\Users\migue\Documents\DamasDoChines\DamasDoChines\src\Main.scala. Using presentation compiler with project's scala-library version: 3.3.7
